
[root@rhce6 projects]# python3 bsearch.py --list 1 2 3 4 5 6 7 8 9 10 11 14 15 16 17 18  --target 15
List :  [1, 2, 3, 4, 5, 6, 7, 8, 9, 10, 11, 14, 15, 16, 17, 18]
Target:  15
Floor , Ceil -1 16
Index is now 7
gval < target 8 15
Target is to the right , move floor to right : floor = gind  -1 7
Floor , Ceil 7 16
Index is now 11
gval < target 14 15
Target is to the right , move floor to right : floor = gind  7 11
Floor , Ceil 11 16
Index is now 13
gval > target 16 15
Target is to the left, move ceil to left: ceil = gind  16 13
Floor , Ceil 11 13
Index is now 12
gval = target  15 15



ot@rhce6 projects]# python3 bsearch.py --list 1 2 3 4 5 6 7 8 9 10 11 14 15 16 17 18  --target 6
List :  [1, 2, 3, 4, 5, 6, 7, 8, 9, 10, 11, 14, 15, 16, 17, 18]
Target:  6
Floor , Ceil -1 16
Index is now 7
gval > target 8 6
Target is to the left, move ceil to left: ceil = gind  16 7
Floor , Ceil -1 7
Index is now 3
gval < target 4 6
Target is to the right , move floor to right : floor = gind  -1 3
Floor , Ceil 3 7
Index is now 5
gval = target  6 6
